<?xml version="1.0" encoding="UTF-8"?>
<testng-results skipped="0" failed="0" total="2" passed="2">
  <reporter-output>
    <line>
      <![CDATA[in gmail test]]>
    </line>
    <line>
      <![CDATA[in yahoo test]]>
    </line>
  </reporter-output>
  <suite name="My Sample Suite" duration-ms="137794" started-at="2014-09-08T12:13:26Z" finished-at="2014-09-08T12:15:44Z">
    <groups>
    </groups>
    <test name="Google Test" duration-ms="65235" started-at="2014-09-08T12:13:26Z" finished-at="2014-09-08T12:14:31Z">
      <class name="testss.Google">
        <test-method status="PASS" signature="f()[pri:0, instance:testss.Google@847574]" name="f" duration-ms="65197" started-at="2014-09-08T17:43:26Z" finished-at="2014-09-08T17:44:31Z">
          <reporter-output>
            <line>
              <![CDATA[in gmail test]]>
            </line>
          </reporter-output>
        </test-method> <!-- f -->
      </class> <!-- testss.Google -->
    </test> <!-- Google Test -->
    <test name="Yahoo Test" duration-ms="72158" started-at="2014-09-08T12:14:31Z" finished-at="2014-09-08T12:15:44Z">
      <class name="testss.Yahoo">
        <test-method status="PASS" signature="f()[pri:0, instance:testss.Yahoo@1ca9f78]" name="f" duration-ms="72157" started-at="2014-09-08T17:44:31Z" finished-at="2014-09-08T17:45:44Z">
          <reporter-output>
            <line>
              <![CDATA[in yahoo test]]>
            </line>
          </reporter-output>
        </test-method> <!-- f -->
      </class> <!-- testss.Yahoo -->
    </test> <!-- Yahoo Test -->
  </suite> <!-- My Sample Suite -->
</testng-results>
